ar -cr libblasLapack.a *.o
mpif77 -c  -O2 -cpp -fdefault-real-8 -fdefault-double-8 -std=legacy  -DMPI -DUNDERSCORE -DGLOBAL_LONG_LONG -DTIMER -I/home/ahuxford/NekML/examples/save_h5py -I/home/ahuxford/Nek5000/core -I./ -I /home/ahuxford/Nek5000/core/experimental /home/ahuxford/Nek5000/core/3rd_party/NekML.f -o obj/NekML.o
mpif77 -c  -O2 -cpp -fdefault-real-8 -fdefault-double-8 -std=legacy  -DMPI -DUNDERSCORE -DGLOBAL_LONG_LONG -DTIMER -I/home/ahuxford/NekML/examples/save_h5py -I/home/ahuxford/Nek5000/core -I./ -I /home/ahuxford/Nek5000/core/experimental /home/ahuxford/Nek5000/core/comm_mpi.f -o obj/comm_mpi.o
'ext_cyl.usr' -> 'ext_cyl.f'
mpif77  -O2 -cpp -fdefault-real-8 -fdefault-double-8 -std=legacy  -DMPI -DUNDERSCORE -DGLOBAL_LONG_LONG -DTIMER -I/home/ahuxford/NekML/examples/save_h5py -I/home/ahuxford/Nek5000/core -I./ -I /home/ahuxford/Nek5000/core/experimental  -c /home/ahuxford/NekML/examples/save_h5py/ext_cyl.f
/home/ahuxford/Nek5000/core/comm_mpi.f:81:24:

       call err_chk(ierr,' Error while reading SESSION.NAME!$')
                        1
Warning: Actual argument contains too few elements for dummy argument ‘string’ (35/132) at (1) [-Wargument-mismatch]
/home/ahuxford/Nek5000/core/comm_mpi.f:83:72:

       call bcast(nsessions,ISIZE)
                                                                        1
Warning: Type mismatch in argument ‘buf’ at (1); passed INTEGER(4) to REAL(4) [-Wargument-mismatch]
/home/ahuxford/Nek5000/core/comm_mpi.f:85:21:

      &   call exitti('nsessmax in SIZE too low!$',nsessmax)
                     1
Warning: Actual argument contains too few elements for dummy argument ‘stringi’ (26/132) at (1) [-Wargument-mismatch]
/home/ahuxford/Nek5000/core/comm_mpi.f:88:72:

       call bcast(ifneknekc,LSIZE)
                                                                        1
Warning: Type mismatch in argument ‘buf’ at (1); passed LOGICAL(4) to REAL(4) [-Wargument-mismatch]
/home/ahuxford/Nek5000/core/comm_mpi.f:90:72:

          call bcast(npsess(n),ISIZE)
                                                                        1
Warning: Type mismatch in argument ‘buf’ at (1); passed INTEGER(4) to REAL(4) [-Wargument-mismatch]
/home/ahuxford/Nek5000/core/comm_mpi.f:91:72:

          call bcast(session_mult(n),132*CSIZE)
                                                                        1
Warning: Type mismatch in argument ‘buf’ at (1); passed CHARACTER(1) to REAL(4) [-Wargument-mismatch]
/home/ahuxford/Nek5000/core/comm_mpi.f:92:72:

          call bcast(path_mult(n),132*CSIZE)
                                                                        1
Warning: Type mismatch in argument ‘buf’ at (1); passed CHARACTER(1) to REAL(4) [-Wargument-mismatch]
/home/ahuxford/Nek5000/core/comm_mpi.f:111:21:

      &   call exitti('Number of ranks does not match!$',npall)
                     1
Warning: Actual argument contains too few elements for dummy argument ‘stringi’ (32/132) at (1) [-Wargument-mismatch]
/home/ahuxford/Nek5000/core/comm_mpi.f:128:11:

      &     'More than 2 coupled sessions are currently not supported!$',
           1
Warning: Actual argument contains too few elements for dummy argument ‘stringi’ (58/132) at (1) [-Wargument-mismatch]
/home/ahuxford/Nek5000/core/comm_mpi.f:164:21:

      $   call exitti('Single precision mode not supported!',wdsize)
                     1
Warning: Actual argument contains too few elements for dummy argument ‘stringi’ (36/132) at (1) [-Wargument-mismatch]
/home/ahuxford/Nek5000/core/comm_mpi.f:168:21:

          call exitti('MPI real size does not match$',isize_mpi)
                     1
Warning: Actual argument contains too few elements for dummy argument ‘stringi’ (29/132) at (1) [-Wargument-mismatch]
/home/ahuxford/Nek5000/core/comm_mpi.f:173:21:

          call exitti('MPI integer size does not match$',isize_mpi)
                     1
Warning: Actual argument contains too few elements for dummy argument ‘stringi’ (32/132) at (1) [-Wargument-mismatch]
/home/ahuxford/Nek5000/core/comm_mpi.f:178:21:

          call exitti('MPI integer8 size does not match$',isize_mpi)
                     1
Warning: Actual argument contains too few elements for dummy argument ‘stringi’ (33/132) at (1) [-Wargument-mismatch]
/home/ahuxford/Nek5000/core/comm_mpi.f:422:72:

       call bcast(item,isize)
                                                                        1
Warning: Type mismatch in argument ‘buf’ at (1); passed INTEGER(4) to REAL(4) [-Wargument-mismatch]
/home/ahuxford/Nek5000/core/comm_mpi.f:1174:72:

             call crecv(type,w,bytes)
                                                                        1
Warning: Type mismatch in argument ‘buf’ at (1); passed REAL(8) to REAL(4) [-Wargument-mismatch]
/home/ahuxford/Nek5000/core/comm_mpi.f:1196:72:

       if (nid .ne. 0) call csend(type,x,bytes,parent,nullpid)
                                                                        1
Warning: Type mismatch in argument ‘buf’ at (1); passed REAL(8) to REAL(4) [-Wargument-mismatch]
/home/ahuxford/Nek5000/core/comm_mpi.f:1207:72:

            call csend(typer,x,bytes,jnid,nullpid)
                                                                        1
Warning: Type mismatch in argument ‘mtype’ at (1); passed REAL(8) to INTEGER(4) [-Wargument-mismatch]
/home/ahuxford/Nek5000/core/comm_mpi.f:1209:72:

            call crecv(typer,x,bytes)
                                                                        1
Warning: Type mismatch in argument ‘mtype’ at (1); passed REAL(8) to INTEGER(4) [-Wargument-mismatch]
/home/ahuxford/Nek5000/core/comm_mpi.f:954:15:

       call gop(tmsg,t1,'+  ',1)
               1
Warning: Rank mismatch in argument ‘x’ at (1) (rank-1 and scalar) [-Wargument-mismatch]
/home/ahuxford/Nek5000/core/comm_mpi.f:959:16:

          msg  = irecv(1,y,1)
                1
Warning: Type mismatch in argument ‘x’ at (1); passed REAL(8) to INTEGER(4) [-Wargument-mismatch]
/home/ahuxford/Nek5000/core/comm_mpi.f:960:72:

          call csend(1,x,1,nodeb,0)   ! Initiate send, to synch.
                                                                        1
Warning: Type mismatch in argument ‘buf’ at (1); passed REAL(8) to REAL(4) [-Wargument-mismatch]
/home/ahuxford/Nek5000/core/comm_mpi.f:965:19:

             msg  = irecv(i,y,len)
                   1
Warning: Type mismatch in argument ‘x’ at (1); passed REAL(8) to INTEGER(4) [-Wargument-mismatch]
/home/ahuxford/Nek5000/core/comm_mpi.f:966:72:

             call csend(i,x,len,nodeb,0)
                                                                        1
Warning: Type mismatch in argument ‘buf’ at (1); passed REAL(8) to REAL(4) [-Wargument-mismatch]
/home/ahuxford/Nek5000/core/comm_mpi.f:975:72:

          call crecv(1,y,1)           ! Initiate send, to synch.
                                                                        1
Warning: Type mismatch in argument ‘buf’ at (1); passed REAL(8) to REAL(4) [-Wargument-mismatch]
/home/ahuxford/Nek5000/core/comm_mpi.f:976:72:

          call csend(1,x,1,nodea,0)
                                                                        1
Warning: Type mismatch in argument ‘buf’ at (1); passed REAL(8) to REAL(4) [-Wargument-mismatch]
/home/ahuxford/Nek5000/core/comm_mpi.f:980:72:

             call crecv(i,y,len)
                                                                        1
Warning: Type mismatch in argument ‘buf’ at (1); passed REAL(8) to REAL(4) [-Wargument-mismatch]
/home/ahuxford/Nek5000/core/comm_mpi.f:981:72:

             call csend(i,x,len,nodea,0)
                                                                        1
Warning: Type mismatch in argument ‘buf’ at (1); passed REAL(8) to REAL(4) [-Wargument-mismatch]
/home/ahuxford/Nek5000/core/comm_mpi.f:989:15:

       call gop(tmsg,t1,'+  ',1)
               1
Warning: Rank mismatch in argument ‘x’ at (1) (rank-1 and scalar) [-Wargument-mismatch]
/home/ahuxford/Nek5000/core/comm_mpi.f:883:19:

             msg  = irecv(itest,y,1)
                   1
Warning: Type mismatch in argument ‘x’ at (1); passed REAL(8) to INTEGER(4) [-Wargument-mismatch]
/home/ahuxford/Nek5000/core/comm_mpi.f:884:72:

             call csend(itest,x,1,nodeb,0)   ! Initiate send, to synch.
                                                                        1
Warning: Type mismatch in argument ‘buf’ at (1); passed REAL(8) to REAL(4) [-Wargument-mismatch]
/home/ahuxford/Nek5000/core/comm_mpi.f:911:72:

             call crecv(itest,y,1)           ! Initiate send, to synch.
                                                                        1
Warning: Type mismatch in argument ‘buf’ at (1); passed REAL(8) to REAL(4) [-Wargument-mismatch]
/home/ahuxford/Nek5000/core/comm_mpi.f:912:72:

             call csend(itest,x,1,nodea,0)
                                                                        1
Warning: Type mismatch in argument ‘buf’ at (1); passed REAL(8) to REAL(4) [-Wargument-mismatch]
building libnek5000.a ... ar: `u' modifier ignored since `D' is the default (see `U')
done
mpif77  -O2 -cpp -fdefault-real-8 -fdefault-double-8 -std=legacy  -DMPI -DUNDERSCORE -DGLOBAL_LONG_LONG -DTIMER -I/home/ahuxford/NekML/examples/save_h5py -I/home/ahuxford/Nek5000/core -I./ -I /home/ahuxford/Nek5000/core/experimental -o nek5000 /home/ahuxford/Nek5000/core/drive.f /home/ahuxford/NekML/examples/save_h5py/ext_cyl.o libnek5000.a -L/usr/lib/python3.6/config-3.6m-x86_64-linux-gnu -L/usr/lib -lpython3.6m -lpthread -ldl  -lutil -lm  -Xlinker -export-dynamic -Wl,-O1 -Wl,-Bsymbolic-functions -L/home/ahuxford/Nek5000/3rd_party/blasLapack -lblasLapack -L/home/ahuxford/Nek5000/3rd_party/gslib/lib -lgs -Wl,-O2 -Wl,--sort-common -Wl,--as-needed -Wl,-z,relro -Wl,-z,now -Wl,--disable-new-dtags -Wl,--gc-sections -Wl,-rpath,/home/ahuxford/anaconda3/lib -Wl,-rpath-link,/home/ahuxford/anaconda3/lib -L/home/ahuxford/anaconda3/lib -Wl,-O2 -Wl,--sort-common -Wl,--as-needed -Wl,-z,relro -Wl,-z,now -Wl,--disable-new-dtags -Wl,--gc-sections -Wl,-rpath,/home/ahuxford/anaconda3/lib -Wl,-rpath-link,/home/ahuxford/anaconda3/lib -L/home/ahuxford/anaconda3/lib -Wl,--allow-multiple-definition


#############################################################
#                  Compilation successful!                  #
#############################################################
   text	   data	    bss	    dec	    hex	filename
2033092	  24360	251742536	253799988	f20ae34	nek5000

